{"C:\\Users\\Morten\\Documents\\GitHub\\P2\\scripts\\player.js": {"path":"C:\\Users\\Morten\\Documents\\GitHub\\P2\\scripts\\player.js","statementMap":{"0":{"start":{"line":1,"column":22},"end":{"line":1,"column":23}},"1":{"start":{"line":6,"column":2},"end":{"line":6,"column":91}},"2":{"start":{"line":6,"column":34},"end":{"line":6,"column":89}},"3":{"start":{"line":8,"column":2},"end":{"line":8,"column":96}},"4":{"start":{"line":8,"column":36},"end":{"line":8,"column":94}},"5":{"start":{"line":11,"column":17},"end":{"line":11,"column":18}},"6":{"start":{"line":14,"column":2},"end":{"line":20,"column":67}},"7":{"start":{"line":15,"column":4},"end":{"line":15,"column":19}},"8":{"start":{"line":16,"column":4},"end":{"line":16,"column":11}},"9":{"start":{"line":18,"column":4},"end":{"line":18,"column":24}},"10":{"start":{"line":19,"column":4},"end":{"line":19,"column":16}},"11":{"start":{"line":20,"column":7},"end":{"line":20,"column":67}},"12":{"start":{"line":20,"column":30},"end":{"line":20,"column":45}},"13":{"start":{"line":20,"column":46},"end":{"line":20,"column":66}},"14":{"start":{"line":32,"column":14},"end":{"line":32,"column":177}},"15":{"start":{"line":33,"column":18},"end":{"line":33,"column":43}},"16":{"start":{"line":34,"column":18},"end":{"line":34,"column":32}},"17":{"start":{"line":37,"column":19},"end":{"line":37,"column":45}},"18":{"start":{"line":39,"column":23},"end":{"line":55,"column":28}},"19":{"start":{"line":58,"column":23},"end":{"line":58,"column":24}},"20":{"start":{"line":59,"column":2},"end":{"line":63,"column":3}},"21":{"start":{"line":59,"column":15},"end":{"line":59,"column":16}},"22":{"start":{"line":60,"column":4},"end":{"line":62,"column":5}},"23":{"start":{"line":61,"column":6},"end":{"line":61,"column":43}},"24":{"start":{"line":66,"column":2},"end":{"line":74,"column":3}},"25":{"start":{"line":66,"column":15},"end":{"line":66,"column":16}},"26":{"start":{"line":67,"column":4},"end":{"line":73,"column":5}},"27":{"start":{"line":68,"column":6},"end":{"line":72,"column":7}},"28":{"start":{"line":68,"column":19},"end":{"line":68,"column":20}},"29":{"start":{"line":69,"column":8},"end":{"line":71,"column":9}},"30":{"start":{"line":70,"column":10},"end":{"line":70,"column":182}},"31":{"start":{"line":75,"column":2},"end":{"line":75,"column":104}},"32":{"start":{"line":76,"column":2},"end":{"line":80,"column":3}},"33":{"start":{"line":77,"column":4},"end":{"line":77,"column":20}},"34":{"start":{"line":78,"column":4},"end":{"line":78,"column":24}},"35":{"start":{"line":79,"column":4},"end":{"line":79,"column":23}},"36":{"start":{"line":81,"column":2},"end":{"line":83,"column":3}},"37":{"start":{"line":82,"column":4},"end":{"line":82,"column":11}},"38":{"start":{"line":87,"column":2},"end":{"line":88,"column":19}},"39":{"start":{"line":91,"column":21},"end":{"line":91,"column":39}},"40":{"start":{"line":92,"column":25},"end":{"line":93,"column":28}},"41":{"start":{"line":94,"column":4},"end":{"line":94,"column":33}},"42":{"start":{"line":99,"column":2},"end":{"line":109,"column":3}},"43":{"start":{"line":100,"column":4},"end":{"line":108,"column":5}},"44":{"start":{"line":100,"column":17},"end":{"line":100,"column":18}},"45":{"start":{"line":101,"column":6},"end":{"line":106,"column":7}},"46":{"start":{"line":102,"column":8},"end":{"line":102,"column":69}},"47":{"start":{"line":105,"column":8},"end":{"line":105,"column":69}},"48":{"start":{"line":107,"column":6},"end":{"line":107,"column":66}},"49":{"start":{"line":113,"column":2},"end":{"line":113,"column":21}},"50":{"start":{"line":116,"column":0},"end":{"line":116,"column":87}}},"fnMap":{"0":{"name":"logMidiIO","decl":{"start":{"line":4,"column":9},"end":{"line":4,"column":18}},"loc":{"start":{"line":4,"column":21},"end":{"line":9,"column":1}},"line":4},"1":{"name":"(anonymous_1)","decl":{"start":{"line":6,"column":25},"end":{"line":6,"column":26}},"loc":{"start":{"line":6,"column":34},"end":{"line":6,"column":89}},"line":6},"2":{"name":"(anonymous_2)","decl":{"start":{"line":8,"column":26},"end":{"line":8,"column":27}},"loc":{"start":{"line":8,"column":36},"end":{"line":8,"column":94}},"line":8},"3":{"name":"togglePlay","decl":{"start":{"line":13,"column":9},"end":{"line":13,"column":19}},"loc":{"start":{"line":13,"column":22},"end":{"line":21,"column":1}},"line":13},"4":{"name":"play","decl":{"start":{"line":30,"column":15},"end":{"line":30,"column":19}},"loc":{"start":{"line":30,"column":22},"end":{"line":84,"column":1}},"line":30},"5":{"name":"metronome","decl":{"start":{"line":86,"column":9},"end":{"line":86,"column":18}},"loc":{"start":{"line":86,"column":21},"end":{"line":96,"column":1}},"line":86},"6":{"name":"onEnabled","decl":{"start":{"line":90,"column":17},"end":{"line":90,"column":26}},"loc":{"start":{"line":90,"column":29},"end":{"line":95,"column":3}},"line":90},"7":{"name":"metronomeClick","decl":{"start":{"line":98,"column":15},"end":{"line":98,"column":29}},"loc":{"start":{"line":98,"column":44},"end":{"line":110,"column":1}},"line":98},"8":{"name":"queueRecord","decl":{"start":{"line":112,"column":9},"end":{"line":112,"column":20}},"loc":{"start":{"line":112,"column":23},"end":{"line":114,"column":1}},"line":112}},"branchMap":{"0":{"loc":{"start":{"line":14,"column":2},"end":{"line":20,"column":67}},"type":"if","locations":[{"start":{"line":14,"column":2},"end":{"line":20,"column":67}},{"start":{"line":20,"column":7},"end":{"line":20,"column":67}}],"line":14},"1":{"loc":{"start":{"line":20,"column":7},"end":{"line":20,"column":67}},"type":"if","locations":[{"start":{"line":20,"column":7},"end":{"line":20,"column":67}},{"start":{},"end":{}}],"line":20},"2":{"loc":{"start":{"line":60,"column":4},"end":{"line":62,"column":5}},"type":"if","locations":[{"start":{"line":60,"column":4},"end":{"line":62,"column":5}},{"start":{},"end":{}}],"line":60},"3":{"loc":{"start":{"line":67,"column":4},"end":{"line":73,"column":5}},"type":"if","locations":[{"start":{"line":67,"column":4},"end":{"line":73,"column":5}},{"start":{},"end":{}}],"line":67},"4":{"loc":{"start":{"line":69,"column":8},"end":{"line":71,"column":9}},"type":"if","locations":[{"start":{"line":69,"column":8},"end":{"line":71,"column":9}},{"start":{},"end":{}}],"line":69},"5":{"loc":{"start":{"line":76,"column":2},"end":{"line":80,"column":3}},"type":"if","locations":[{"start":{"line":76,"column":2},"end":{"line":80,"column":3}},{"start":{},"end":{}}],"line":76},"6":{"loc":{"start":{"line":81,"column":2},"end":{"line":83,"column":3}},"type":"if","locations":[{"start":{"line":81,"column":2},"end":{"line":83,"column":3}},{"start":{},"end":{}}],"line":81},"7":{"loc":{"start":{"line":101,"column":6},"end":{"line":106,"column":7}},"type":"if","locations":[{"start":{"line":101,"column":6},"end":{"line":106,"column":7}},{"start":{"line":104,"column":11},"end":{"line":106,"column":7}}],"line":101}},"s":{"0":1,"1":0,"2":0,"3":0,"4":0,"5":1,"6":0,"7":0,"8":0,"9":0,"10":0,"11":0,"12":0,"13":0,"14":0,"15":0,"16":0,"17":0,"18":0,"19":0,"20":0,"21":0,"22":0,"23":0,"24":0,"25":0,"26":0,"27":0,"28":0,"29":0,"30":0,"31":0,"32":0,"33":0,"34":0,"35":0,"36":0,"37":0,"38":0,"39":0,"40":0,"41":0,"42":0,"43":0,"44":0,"45":0,"46":0,"47":0,"48":0,"49":0,"50":1},"f":{"0":0,"1":0,"2":0,"3":0,"4":0,"5":0,"6":0,"7":0,"8":0},"b":{"0":[0,0],"1":[0,0],"2":[0,0],"3":[0,0],"4":[0,0],"5":[0,0],"6":[0,0],"7":[0,0]},"_coverageSchema":"1a1c01bbd47fc00a2c39e90264f33305004495a9","hash":"4e496f92e33d2131be88133ee1e66d974651c4ac"}
,"C:\\Users\\Morten\\Documents\\GitHub\\P2\\scripts\\recorder.js": {"path":"C:\\Users\\Morten\\Documents\\GitHub\\P2\\scripts\\recorder.js","statementMap":{"0":{"start":{"line":5,"column":4},"end":{"line":5,"column":21}},"1":{"start":{"line":6,"column":4},"end":{"line":6,"column":29}},"2":{"start":{"line":7,"column":4},"end":{"line":7,"column":31}},"3":{"start":{"line":8,"column":4},"end":{"line":8,"column":29}},"4":{"start":{"line":14,"column":4},"end":{"line":14,"column":19}},"5":{"start":{"line":15,"column":4},"end":{"line":15,"column":45}},"6":{"start":{"line":16,"column":4},"end":{"line":16,"column":51}},"7":{"start":{"line":17,"column":4},"end":{"line":17,"column":53}},"8":{"start":{"line":18,"column":4},"end":{"line":18,"column":37}},"9":{"start":{"line":23,"column":2},"end":{"line":23,"column":57}},"10":{"start":{"line":23,"column":32},"end":{"line":23,"column":55}},"11":{"start":{"line":26,"column":22},"end":{"line":26,"column":23}},"12":{"start":{"line":30,"column":14},"end":{"line":30,"column":177}},"13":{"start":{"line":31,"column":2},"end":{"line":35,"column":3}},"14":{"start":{"line":32,"column":4},"end":{"line":32,"column":31}},"15":{"start":{"line":34,"column":4},"end":{"line":34,"column":101}},"16":{"start":{"line":36,"column":17},"end":{"line":36,"column":44}},"17":{"start":{"line":38,"column":27},"end":{"line":38,"column":44}},"18":{"start":{"line":39,"column":2},"end":{"line":39,"column":133}},"19":{"start":{"line":40,"column":2},"end":{"line":40,"column":124}},"20":{"start":{"line":41,"column":2},"end":{"line":43,"column":3}},"21":{"start":{"line":42,"column":4},"end":{"line":42,"column":24}},"22":{"start":{"line":48,"column":2},"end":{"line":48,"column":46}},"23":{"start":{"line":53,"column":24},"end":{"line":53,"column":25}},"24":{"start":{"line":54,"column":20},"end":{"line":54,"column":22}},"25":{"start":{"line":55,"column":18},"end":{"line":55,"column":20}},"26":{"start":{"line":57,"column":2},"end":{"line":59,"column":18}},"27":{"start":{"line":64,"column":4},"end":{"line":66,"column":5}},"28":{"start":{"line":65,"column":6},"end":{"line":65,"column":54}},"29":{"start":{"line":68,"column":18},"end":{"line":68,"column":42}},"30":{"start":{"line":70,"column":4},"end":{"line":70,"column":74}},"31":{"start":{"line":71,"column":4},"end":{"line":71,"column":88}},"32":{"start":{"line":74,"column":2},"end":{"line":74,"column":36}},"33":{"start":{"line":75,"column":2},"end":{"line":75,"column":80}},"34":{"start":{"line":77,"column":2},"end":{"line":77,"column":22}},"35":{"start":{"line":78,"column":2},"end":{"line":78,"column":49}},"36":{"start":{"line":79,"column":2},"end":{"line":79,"column":45}},"37":{"start":{"line":83,"column":2},"end":{"line":100,"column":5}},"38":{"start":{"line":86,"column":4},"end":{"line":88,"column":5}},"39":{"start":{"line":87,"column":6},"end":{"line":87,"column":76}},"40":{"start":{"line":90,"column":4},"end":{"line":95,"column":5}},"41":{"start":{"line":91,"column":8},"end":{"line":91,"column":43}},"42":{"start":{"line":94,"column":8},"end":{"line":94,"column":28}},"43":{"start":{"line":98,"column":18},"end":{"line":98,"column":124}},"44":{"start":{"line":99,"column":4},"end":{"line":99,"column":28}},"45":{"start":{"line":104,"column":2},"end":{"line":134,"column":5}},"46":{"start":{"line":106,"column":4},"end":{"line":108,"column":5}},"47":{"start":{"line":107,"column":6},"end":{"line":107,"column":74}},"48":{"start":{"line":110,"column":20},"end":{"line":110,"column":25}},"49":{"start":{"line":111,"column":12},"end":{"line":111,"column":13}},"50":{"start":{"line":114,"column":4},"end":{"line":132,"column":5}},"51":{"start":{"line":115,"column":6},"end":{"line":120,"column":7}},"52":{"start":{"line":116,"column":8},"end":{"line":116,"column":43}},"53":{"start":{"line":119,"column":8},"end":{"line":119,"column":28}},"54":{"start":{"line":122,"column":6},"end":{"line":130,"column":7}},"55":{"start":{"line":123,"column":8},"end":{"line":125,"column":9}},"56":{"start":{"line":124,"column":10},"end":{"line":124,"column":39}},"57":{"start":{"line":126,"column":8},"end":{"line":126,"column":90}},"58":{"start":{"line":127,"column":8},"end":{"line":127,"column":39}},"59":{"start":{"line":128,"column":8},"end":{"line":128,"column":31}},"60":{"start":{"line":129,"column":8},"end":{"line":129,"column":25}},"61":{"start":{"line":131,"column":6},"end":{"line":131,"column":10}},"62":{"start":{"line":133,"column":4},"end":{"line":133,"column":51}},"63":{"start":{"line":138,"column":2},"end":{"line":142,"column":3}},"64":{"start":{"line":138,"column":15},"end":{"line":138,"column":16}},"65":{"start":{"line":139,"column":4},"end":{"line":139,"column":30}},"66":{"start":{"line":140,"column":4},"end":{"line":140,"column":92}},"67":{"start":{"line":141,"column":4},"end":{"line":141,"column":35}},"68":{"start":{"line":143,"column":2},"end":{"line":143,"column":21}},"69":{"start":{"line":148,"column":2},"end":{"line":148,"column":21}},"70":{"start":{"line":151,"column":0},"end":{"line":151,"column":163}}},"fnMap":{"0":{"name":"(anonymous_0)","decl":{"start":{"line":4,"column":2},"end":{"line":4,"column":3}},"loc":{"start":{"line":4,"column":51},"end":{"line":9,"column":3}},"line":4},"1":{"name":"(anonymous_1)","decl":{"start":{"line":13,"column":2},"end":{"line":13,"column":3}},"loc":{"start":{"line":13,"column":94},"end":{"line":19,"column":3}},"line":13},"2":{"name":"sleep","decl":{"start":{"line":22,"column":9},"end":{"line":22,"column":14}},"loc":{"start":{"line":22,"column":19},"end":{"line":24,"column":1}},"line":22},"3":{"name":"(anonymous_3)","decl":{"start":{"line":23,"column":21},"end":{"line":23,"column":22}},"loc":{"start":{"line":23,"column":32},"end":{"line":23,"column":55}},"line":23},"4":{"name":"generateMidi","decl":{"start":{"line":29,"column":15},"end":{"line":29,"column":27}},"loc":{"start":{"line":29,"column":41},"end":{"line":44,"column":1}},"line":29},"5":{"name":"getTextBox","decl":{"start":{"line":47,"column":9},"end":{"line":47,"column":19}},"loc":{"start":{"line":47,"column":27},"end":{"line":49,"column":1}},"line":47},"6":{"name":"recordMidi","decl":{"start":{"line":52,"column":15},"end":{"line":52,"column":25}},"loc":{"start":{"line":52,"column":78},"end":{"line":80,"column":1}},"line":52},"7":{"name":"onEnabled","decl":{"start":{"line":61,"column":11},"end":{"line":61,"column":20}},"loc":{"start":{"line":61,"column":23},"end":{"line":72,"column":3}},"line":61},"8":{"name":"noteOnListener","decl":{"start":{"line":82,"column":9},"end":{"line":82,"column":23}},"loc":{"start":{"line":82,"column":82},"end":{"line":101,"column":1}},"line":82},"9":{"name":"(anonymous_9)","decl":{"start":{"line":83,"column":76},"end":{"line":83,"column":77}},"loc":{"start":{"line":83,"column":81},"end":{"line":100,"column":3}},"line":83},"10":{"name":"noteOffListener","decl":{"start":{"line":103,"column":9},"end":{"line":103,"column":24}},"loc":{"start":{"line":103,"column":93},"end":{"line":135,"column":1}},"line":103},"11":{"name":"(anonymous_11)","decl":{"start":{"line":104,"column":74},"end":{"line":104,"column":75}},"loc":{"start":{"line":104,"column":79},"end":{"line":134,"column":3}},"line":104},"12":{"name":"assembleOutputArray","decl":{"start":{"line":137,"column":9},"end":{"line":137,"column":28}},"loc":{"start":{"line":137,"column":73},"end":{"line":144,"column":1}},"line":137},"13":{"name":"calculateTimePerQuarterNote","decl":{"start":{"line":147,"column":9},"end":{"line":147,"column":36}},"loc":{"start":{"line":147,"column":42},"end":{"line":149,"column":1}},"line":147}},"branchMap":{"0":{"loc":{"start":{"line":31,"column":2},"end":{"line":35,"column":3}},"type":"if","locations":[{"start":{"line":31,"column":2},"end":{"line":35,"column":3}},{"start":{},"end":{}}],"line":31},"1":{"loc":{"start":{"line":41,"column":2},"end":{"line":43,"column":3}},"type":"if","locations":[{"start":{"line":41,"column":2},"end":{"line":43,"column":3}},{"start":{},"end":{}}],"line":41},"2":{"loc":{"start":{"line":64,"column":4},"end":{"line":66,"column":5}},"type":"if","locations":[{"start":{"line":64,"column":4},"end":{"line":66,"column":5}},{"start":{},"end":{}}],"line":64},"3":{"loc":{"start":{"line":86,"column":4},"end":{"line":88,"column":5}},"type":"if","locations":[{"start":{"line":86,"column":4},"end":{"line":88,"column":5}},{"start":{},"end":{}}],"line":86},"4":{"loc":{"start":{"line":90,"column":4},"end":{"line":95,"column":5}},"type":"if","locations":[{"start":{"line":90,"column":4},"end":{"line":95,"column":5}},{"start":{"line":93,"column":9},"end":{"line":95,"column":5}}],"line":90},"5":{"loc":{"start":{"line":106,"column":4},"end":{"line":108,"column":5}},"type":"if","locations":[{"start":{"line":106,"column":4},"end":{"line":108,"column":5}},{"start":{},"end":{}}],"line":106},"6":{"loc":{"start":{"line":114,"column":11},"end":{"line":114,"column":45}},"type":"binary-expr","locations":[{"start":{"line":114,"column":11},"end":{"line":114,"column":31}},{"start":{"line":114,"column":35},"end":{"line":114,"column":45}}],"line":114},"7":{"loc":{"start":{"line":115,"column":6},"end":{"line":120,"column":7}},"type":"if","locations":[{"start":{"line":115,"column":6},"end":{"line":120,"column":7}},{"start":{"line":118,"column":11},"end":{"line":120,"column":7}}],"line":115},"8":{"loc":{"start":{"line":122,"column":6},"end":{"line":130,"column":7}},"type":"if","locations":[{"start":{"line":122,"column":6},"end":{"line":130,"column":7}},{"start":{},"end":{}}],"line":122},"9":{"loc":{"start":{"line":123,"column":8},"end":{"line":125,"column":9}},"type":"if","locations":[{"start":{"line":123,"column":8},"end":{"line":125,"column":9}},{"start":{},"end":{}}],"line":123}},"s":{"0":7,"1":7,"2":7,"3":7,"4":2,"5":2,"6":2,"7":2,"8":2,"9":1,"10":1,"11":1,"12":0,"13":0,"14":0,"15":0,"16":0,"17":0,"18":0,"19":0,"20":0,"21":0,"22":0,"23":0,"24":0,"25":0,"26":0,"27":0,"28":0,"29":0,"30":0,"31":0,"32":0,"33":0,"34":0,"35":0,"36":0,"37":0,"38":0,"39":0,"40":0,"41":0,"42":0,"43":0,"44":0,"45":0,"46":0,"47":0,"48":0,"49":0,"50":0,"51":0,"52":0,"53":0,"54":0,"55":0,"56":0,"57":0,"58":0,"59":0,"60":0,"61":0,"62":0,"63":1,"64":1,"65":2,"66":2,"67":2,"68":1,"69":1,"70":1},"f":{"0":7,"1":2,"2":1,"3":1,"4":0,"5":0,"6":0,"7":0,"8":0,"9":0,"10":0,"11":0,"12":1,"13":1},"b":{"0":[0,0],"1":[0,0],"2":[0,0],"3":[0,0],"4":[0,0],"5":[0,0],"6":[0,0],"7":[0,0],"8":[0,0],"9":[0,0]},"_coverageSchema":"1a1c01bbd47fc00a2c39e90264f33305004495a9","hash":"81c35aad28612281befbeed2c1b3efd3688e665c"}
}
