TN:
SF:scripts\player.js
FN:4,logMidiIO
FN:6,(anonymous_1)
FN:8,(anonymous_2)
FN:13,togglePlay
FN:30,play
FN:86,metronome
FN:90,onEnabled
FN:98,metronomeClick
FN:112,queueRecord
FNF:9
FNH:0
FNDA:0,logMidiIO
FNDA:0,(anonymous_1)
FNDA:0,(anonymous_2)
FNDA:0,togglePlay
FNDA:0,play
FNDA:0,metronome
FNDA:0,onEnabled
FNDA:0,metronomeClick
FNDA:0,queueRecord
DA:1,1
DA:6,0
DA:8,0
DA:11,1
DA:14,0
DA:15,0
DA:16,0
DA:18,0
DA:19,0
DA:20,0
DA:32,0
DA:33,0
DA:34,0
DA:37,0
DA:39,0
DA:58,0
DA:59,0
DA:60,0
DA:61,0
DA:66,0
DA:67,0
DA:68,0
DA:69,0
DA:70,0
DA:75,0
DA:76,0
DA:77,0
DA:78,0
DA:79,0
DA:81,0
DA:82,0
DA:87,0
DA:91,0
DA:92,0
DA:94,0
DA:99,0
DA:100,0
DA:101,0
DA:102,0
DA:105,0
DA:107,0
DA:113,0
DA:116,1
LF:43
LH:3
BRDA:14,0,0,0
BRDA:14,0,1,0
BRDA:20,1,0,0
BRDA:20,1,1,0
BRDA:60,2,0,0
BRDA:60,2,1,0
BRDA:67,3,0,0
BRDA:67,3,1,0
BRDA:69,4,0,0
BRDA:69,4,1,0
BRDA:76,5,0,0
BRDA:76,5,1,0
BRDA:81,6,0,0
BRDA:81,6,1,0
BRDA:101,7,0,0
BRDA:101,7,1,0
BRF:16
BRH:0
end_of_record
TN:
SF:scripts\recorder.js
FN:4,(anonymous_0)
FN:13,(anonymous_1)
FN:22,sleep
FN:23,(anonymous_3)
FN:29,generateMidi
FN:47,getTextBox
FN:52,recordMidi
FN:61,onEnabled
FN:82,noteOnListener
FN:83,(anonymous_9)
FN:103,noteOffListener
FN:104,(anonymous_11)
FN:137,assembleOutputArray
FN:147,calculateTimePerQuarterNote
FNF:14
FNH:6
FNDA:7,(anonymous_0)
FNDA:2,(anonymous_1)
FNDA:1,sleep
FNDA:1,(anonymous_3)
FNDA:0,generateMidi
FNDA:0,getTextBox
FNDA:0,recordMidi
FNDA:0,onEnabled
FNDA:0,noteOnListener
FNDA:0,(anonymous_9)
FNDA:0,noteOffListener
FNDA:0,(anonymous_11)
FNDA:1,assembleOutputArray
FNDA:1,calculateTimePerQuarterNote
DA:5,7
DA:6,7
DA:7,7
DA:8,7
DA:14,2
DA:15,2
DA:16,2
DA:17,2
DA:18,2
DA:23,1
DA:26,1
DA:30,0
DA:31,0
DA:32,0
DA:34,0
DA:36,0
DA:38,0
DA:39,0
DA:40,0
DA:41,0
DA:42,0
DA:48,0
DA:53,0
DA:54,0
DA:55,0
DA:57,0
DA:64,0
DA:65,0
DA:68,0
DA:70,0
DA:71,0
DA:74,0
DA:75,0
DA:77,0
DA:78,0
DA:79,0
DA:83,0
DA:86,0
DA:87,0
DA:90,0
DA:91,0
DA:94,0
DA:98,0
DA:99,0
DA:104,0
DA:106,0
DA:107,0
DA:110,0
DA:111,0
DA:114,0
DA:115,0
DA:116,0
DA:119,0
DA:122,0
DA:123,0
DA:124,0
DA:126,0
DA:127,0
DA:128,0
DA:129,0
DA:131,0
DA:133,0
DA:138,1
DA:139,2
DA:140,2
DA:141,2
DA:143,1
DA:148,1
DA:151,1
LF:69
LH:18
BRDA:31,0,0,0
BRDA:31,0,1,0
BRDA:41,1,0,0
BRDA:41,1,1,0
BRDA:64,2,0,0
BRDA:64,2,1,0
BRDA:86,3,0,0
BRDA:86,3,1,0
BRDA:90,4,0,0
BRDA:90,4,1,0
BRDA:106,5,0,0
BRDA:106,5,1,0
BRDA:114,6,0,0
BRDA:114,6,1,0
BRDA:115,7,0,0
BRDA:115,7,1,0
BRDA:122,8,0,0
BRDA:122,8,1,0
BRDA:123,9,0,0
BRDA:123,9,1,0
BRF:20
BRH:0
end_of_record
